This is pdfTeX, Version 3.141592653-2.6-1.40.25 (TeX Live 2023) (preloaded format=pdflatex 2023.10.16)  17 OCT 2023 08:44
entering extended mode
 restricted \write18 enabled.
 %&-line parsing enabled.
**_main.tex
(./_main.tex
LaTeX2e <2023-06-01> patch level 1
L3 programming layer <2023-10-10>
(/Users/federico/Library/TinyTeX/texmf-dist/tex/latex/base/article.cls
Document Class: article 2023/05/17 v1.4n Standard LaTeX document class
(/Users/federico/Library/TinyTeX/texmf-dist/tex/latex/base/size10.clo
File: size10.clo 2023/05/17 v1.4n Standard LaTeX file (size option)
)
\c@part=\count185
\c@section=\count186
\c@subsection=\count187
\c@subsubsection=\count188
\c@paragraph=\count189
\c@subparagraph=\count190
\c@figure=\count191
\c@table=\count192
\abovecaptionskip=\skip48
\belowcaptionskip=\skip49
\bibindent=\dimen140
) (/Users/federico/Library/TinyTeX/texmf-dist/tex/latex/amsmath/amsmath.sty
Package: amsmath 2023/05/13 v2.17o AMS math features
\@mathmargin=\skip50
For additional information on amsmath, use the `?' option.
(/Users/federico/Library/TinyTeX/texmf-dist/tex/latex/amsmath/amstext.sty
Package: amstext 2021/08/26 v2.01 AMS text
(/Users/federico/Library/TinyTeX/texmf-dist/tex/latex/amsmath/amsgen.sty
File: amsgen.sty 1999/11/30 v2.0 generic functions
\@emptytoks=\toks17
\ex@=\dimen141
)) (/Users/federico/Library/TinyTeX/texmf-dist/tex/latex/amsmath/amsbsy.sty
Package: amsbsy 1999/11/29 v1.2d Bold Symbols
\pmbraise@=\dimen142
) (/Users/federico/Library/TinyTeX/texmf-dist/tex/latex/amsmath/amsopn.sty
Package: amsopn 2022/04/08 v2.04 operator names
)
\inf@bad=\count193
LaTeX Info: Redefining \frac on input line 234.
\uproot@=\count194
\leftroot@=\count195
LaTeX Info: Redefining \overline on input line 399.
LaTeX Info: Redefining \colon on input line 410.
\classnum@=\count196
\DOTSCASE@=\count197
LaTeX Info: Redefining \ldots on input line 496.
LaTeX Info: Redefining \dots on input line 499.
LaTeX Info: Redefining \cdots on input line 620.
\Mathstrutbox@=\box51
\strutbox@=\box52
LaTeX Info: Redefining \big on input line 722.
LaTeX Info: Redefining \Big on input line 723.
LaTeX Info: Redefining \bigg on input line 724.
LaTeX Info: Redefining \Bigg on input line 725.
\big@size=\dimen143
LaTeX Font Info:    Redeclaring font encoding OML on input line 743.
LaTeX Font Info:    Redeclaring font encoding OMS on input line 744.
\macc@depth=\count198
LaTeX Info: Redefining \bmod on input line 905.
LaTeX Info: Redefining \pmod on input line 910.
LaTeX Info: Redefining \smash on input line 940.
LaTeX Info: Redefining \relbar on input line 970.
LaTeX Info: Redefining \Relbar on input line 971.
\c@MaxMatrixCols=\count199
\dotsspace@=\muskip16
\c@parentequation=\count266
\dspbrk@lvl=\count267
\tag@help=\toks18
\row@=\count268
\column@=\count269
\maxfields@=\count270
\andhelp@=\toks19
\eqnshift@=\dimen144
\alignsep@=\dimen145
\tagshift@=\dimen146
\tagwidth@=\dimen147
\totwidth@=\dimen148
\lineht@=\dimen149
\@envbody=\toks20
\multlinegap=\skip51
\multlinetaggap=\skip52
\mathdisplay@stack=\toks21
LaTeX Info: Redefining \[ on input line 2953.
LaTeX Info: Redefining \] on input line 2954.
) (/Users/federico/Library/TinyTeX/texmf-dist/tex/latex/amsfonts/amssymb.sty
Package: amssymb 2013/01/14 v3.01 AMS font symbols
(/Users/federico/Library/TinyTeX/texmf-dist/tex/latex/amsfonts/amsfonts.sty
Package: amsfonts 2013/01/14 v3.01 Basic AMSFonts support
\symAMSa=\mathgroup4
\symAMSb=\mathgroup5
LaTeX Font Info:    Redeclaring math symbol \hbar on input line 98.
LaTeX Font Info:    Overwriting math alphabet `\mathfrak' in version `bold'
(Font)                  U/euf/m/n --> U/euf/b/n on input line 106.
)) (/Users/federico/Library/TinyTeX/texmf-dist/tex/generic/iftex/iftex.sty
Package: iftex 2022/02/03 v1.0f TeX engine tests
) (/Users/federico/Library/TinyTeX/texmf-dist/tex/latex/base/fontenc.sty
Package: fontenc 2021/04/29 v2.0v Standard LaTeX package
) (/Users/federico/Library/TinyTeX/texmf-dist/tex/latex/base/inputenc.sty
Package: inputenc 2021/02/14 v1.3d Input encoding file
\inpenc@prehook=\toks22
\inpenc@posthook=\toks23
) (/Users/federico/Library/TinyTeX/texmf-dist/tex/latex/base/textcomp.sty
Package: textcomp 2020/02/02 v2.0n Standard LaTeX package
) (/Users/federico/Library/TinyTeX/texmf-dist/tex/latex/lm/lmodern.sty
Package: lmodern 2015/05/01 v1.6.1 Latin Modern Fonts
LaTeX Font Info:    Overwriting symbol font `operators' in version `normal'
(Font)                  OT1/cmr/m/n --> OT1/lmr/m/n on input line 22.
LaTeX Font Info:    Overwriting symbol font `letters' in version `normal'
(Font)                  OML/cmm/m/it --> OML/lmm/m/it on input line 23.
LaTeX Font Info:    Overwriting symbol font `symbols' in version `normal'
(Font)                  OMS/cmsy/m/n --> OMS/lmsy/m/n on input line 24.
LaTeX Font Info:    Overwriting symbol font `largesymbols' in version `normal'
(Font)                  OMX/cmex/m/n --> OMX/lmex/m/n on input line 25.
LaTeX Font Info:    Overwriting symbol font `operators' in version `bold'
(Font)                  OT1/cmr/bx/n --> OT1/lmr/bx/n on input line 26.
LaTeX Font Info:    Overwriting symbol font `letters' in version `bold'
(Font)                  OML/cmm/b/it --> OML/lmm/b/it on input line 27.
LaTeX Font Info:    Overwriting symbol font `symbols' in version `bold'
(Font)                  OMS/cmsy/b/n --> OMS/lmsy/b/n on input line 28.
LaTeX Font Info:    Overwriting symbol font `largesymbols' in version `bold'
(Font)                  OMX/cmex/m/n --> OMX/lmex/m/n on input line 29.
LaTeX Font Info:    Overwriting math alphabet `\mathbf' in version `normal'
(Font)                  OT1/cmr/bx/n --> OT1/lmr/bx/n on input line 31.
LaTeX Font Info:    Overwriting math alphabet `\mathsf' in version `normal'
(Font)                  OT1/cmss/m/n --> OT1/lmss/m/n on input line 32.
LaTeX Font Info:    Overwriting math alphabet `\mathit' in version `normal'
(Font)                  OT1/cmr/m/it --> OT1/lmr/m/it on input line 33.
LaTeX Font Info:    Overwriting math alphabet `\mathtt' in version `normal'
(Font)                  OT1/cmtt/m/n --> OT1/lmtt/m/n on input line 34.
LaTeX Font Info:    Overwriting math alphabet `\mathbf' in version `bold'
(Font)                  OT1/cmr/bx/n --> OT1/lmr/bx/n on input line 35.
LaTeX Font Info:    Overwriting math alphabet `\mathsf' in version `bold'
(Font)                  OT1/cmss/bx/n --> OT1/lmss/bx/n on input line 36.
LaTeX Font Info:    Overwriting math alphabet `\mathit' in version `bold'
(Font)                  OT1/cmr/bx/it --> OT1/lmr/bx/it on input line 37.
LaTeX Font Info:    Overwriting math alphabet `\mathtt' in version `bold'
(Font)                  OT1/cmtt/m/n --> OT1/lmtt/m/n on input line 38.
) (/Users/federico/Library/TinyTeX/texmf-dist/tex/latex/xcolor/xcolor.sty
Package: xcolor 2022/06/12 v2.14 LaTeX color extensions (UK)
(/Users/federico/Library/TinyTeX/texmf-dist/tex/latex/graphics-cfg/color.cfg
File: color.cfg 2016/01/02 v1.6 sample color configuration
)
Package xcolor Info: Driver file: pdftex.def on input line 227.
(/Users/federico/Library/TinyTeX/texmf-dist/tex/latex/graphics-def/pdftex.def
File: pdftex.def 2022/09/22 v1.2b Graphics/color driver for pdftex
) (/Users/federico/Library/TinyTeX/texmf-dist/tex/latex/graphics/mathcolor.ltx)
Package xcolor Info: Model `cmy' substituted by `cmy0' on input line 1353.
Package xcolor Info: Model `hsb' substituted by `rgb' on input line 1357.
Package xcolor Info: Model `RGB' extended on input line 1369.
Package xcolor Info: Model `HTML' substituted by `rgb' on input line 1371.
Package xcolor Info: Model `Hsb' substituted by `hsb' on input line 1372.
Package xcolor Info: Model `tHsb' substituted by `hsb' on input line 1373.
Package xcolor Info: Model `HSB' substituted by `hsb' on input line 1374.
Package xcolor Info: Model `Gray' substituted by `gray' on input line 1375.
Package xcolor Info: Model `wave' substituted by `hsb' on input line 1376.
(/Users/federico/Library/TinyTeX/texmf-dist/tex/latex/graphics/dvipsnam.def
File: dvipsnam.def 2016/06/17 v3.0m Driver-dependent file (DPC,SPQR)
) (/Users/federico/Library/TinyTeX/texmf-dist/tex/latex/xcolor/svgnam.def
File: svgnam.def 2022/06/12 v2.14 Predefined colors according to SVG 1.1 (UK)
) (/Users/federico/Library/TinyTeX/texmf-dist/tex/latex/xcolor/x11nam.def
File: x11nam.def 2022/06/12 v2.14 Predefined colors according to Unix/X11 (UK)
)) (/Users/federico/Library/TinyTeX/texmf-dist/tex/latex/geometry/geometry.sty
Package: geometry 2020/01/02 v5.9 Page Geometry
(/Users/federico/Library/TinyTeX/texmf-dist/tex/latex/graphics/keyval.sty
Package: keyval 2022/05/29 v1.15 key=value parser (DPC)
\KV@toks@=\toks24
) (/Users/federico/Library/TinyTeX/texmf-dist/tex/generic/iftex/ifvtex.sty
Package: ifvtex 2019/10/25 v1.7 ifvtex legacy package. Use iftex instead.
)
\Gm@cnth=\count271
\Gm@cntv=\count272
\c@Gm@tempcnt=\count273
\Gm@bindingoffset=\dimen150
\Gm@wd@mp=\dimen151
\Gm@odd@mp=\dimen152
\Gm@even@mp=\dimen153
\Gm@layoutwidth=\dimen154
\Gm@layoutheight=\dimen155
\Gm@layouthoffset=\dimen156
\Gm@layoutvoffset=\dimen157
\Gm@dimlist=\toks25
) (/Users/federico/Library/TinyTeX/texmf-dist/tex/latex/fancyvrb/fancyvrb.sty
Package: fancyvrb 2023/01/19 4.5a verbatim text (tvz,hv)
\FV@CodeLineNo=\count274
\FV@InFile=\read2
\FV@TabBox=\box53
\c@FancyVerbLine=\count275
\FV@StepNumber=\count276
\FV@OutFile=\write3
) (/Users/federico/Library/TinyTeX/texmf-dist/tex/latex/framed/framed.sty
Package: framed 2011/10/22 v 0.96: framed or shaded text with page breaks
\OuterFrameSep=\skip53
\fb@frw=\dimen158
\fb@frh=\dimen159
\FrameRule=\dimen160
\FrameSep=\dimen161
) (/Users/federico/Library/TinyTeX/texmf-dist/tex/latex/tools/longtable.sty
Package: longtable 2021-09-01 v4.17 Multi-page Table package (DPC)
\LTleft=\skip54
\LTright=\skip55
\LTpre=\skip56
\LTpost=\skip57
\LTchunksize=\count277
\LTcapwidth=\dimen162
\LT@head=\box54
\LT@firsthead=\box55
\LT@foot=\box56
\LT@lastfoot=\box57
\LT@gbox=\box58
\LT@cols=\count278
\LT@rows=\count279
\c@LT@tables=\count280
\c@LT@chunks=\count281
\LT@p@ftn=\toks26
) (/Users/federico/Library/TinyTeX/texmf-dist/tex/latex/booktabs/booktabs.sty
Package: booktabs 2020/01/12 v1.61803398 Publication quality tables
\heavyrulewidth=\dimen163
\lightrulewidth=\dimen164
\cmidrulewidth=\dimen165
\belowrulesep=\dimen166
\belowbottomsep=\dimen167
\aboverulesep=\dimen168
\abovetopsep=\dimen169
\cmidrulesep=\dimen170
\cmidrulekern=\dimen171
\defaultaddspace=\dimen172
\@cmidla=\count282
\@cmidlb=\count283
\@aboverulesep=\dimen173
\@belowrulesep=\dimen174
\@thisruleclass=\count284
\@lastruleclass=\count285
\@thisrulewidth=\dimen175
) (/Users/federico/Library/TinyTeX/texmf-dist/tex/latex/tools/array.sty
Package: array 2022/09/04 v2.5g Tabular extension package (FMi)
\col@sep=\dimen176
\ar@mcellbox=\box59
\extrarowheight=\dimen177
\NC@list=\toks27
\extratabsurround=\skip58
\backup@length=\skip59
\ar@cellbox=\box60
) (/Users/federico/Library/TinyTeX/texmf-dist/tex/latex/tools/calc.sty
Package: calc 2017/05/25 v4.3 Infix arithmetic (KKT,FJ)
\calc@Acount=\count286
\calc@Bcount=\count287
\calc@Adimen=\dimen178
\calc@Bdimen=\dimen179
\calc@Askip=\skip60
\calc@Bskip=\skip61
LaTeX Info: Redefining \setlength on input line 80.
LaTeX Info: Redefining \addtolength on input line 81.
\calc@Ccount=\count288
\calc@Cskip=\skip62
) (/Users/federico/Library/TinyTeX/texmf-dist/tex/latex/etoolbox/etoolbox.sty
Package: etoolbox 2020/10/05 v2.5k e-TeX tools for LaTeX (JAW)
\etb@tempcnta=\count289
) (/Users/federico/Library/TinyTeX/texmf-dist/tex/latex/mdwtools/footnote.sty
Package: footnote 1997/01/28 1.13 Save footnotes around boxes
\fn@notes=\box61
\fn@width=\dimen180
) (/Users/federico/Library/TinyTeX/texmf-dist/tex/latex/graphics/graphicx.sty
Package: graphicx 2021/09/16 v1.2d Enhanced LaTeX Graphics (DPC,SPQR)
(/Users/federico/Library/TinyTeX/texmf-dist/tex/latex/graphics/graphics.sty
Package: graphics 2022/03/10 v1.4e Standard LaTeX Graphics (DPC,SPQR)
(/Users/federico/Library/TinyTeX/texmf-dist/tex/latex/graphics/trig.sty
Package: trig 2021/08/11 v1.11 sin cos tan (DPC)
) (/Users/federico/Library/TinyTeX/texmf-dist/tex/latex/graphics-cfg/graphics.cfg
File: graphics.cfg 2016/06/04 v1.11 sample graphics configuration
)
Package graphics Info: Driver file: pdftex.def on input line 107.
)
\Gin@req@height=\dimen181
\Gin@req@width=\dimen182
) (/Users/federico/Library/TinyTeX/texmf-dist/tex/generic/soul/soul.sty
Package: soul 2023-06-14 v3.1 Permit use of UTF-8 characters in soul (HO)
(/Users/federico/Library/TinyTeX/texmf-dist/tex/generic/soul/soul-ori.sty
Package: soul-ori 2023-06-14 v3.1 letterspacing/underlining (mf)
\SOUL@word=\toks28
\SOUL@lasttoken=\toks29
\SOUL@syllable=\toks30
\SOUL@cmds=\toks31
\SOUL@buffer=\toks32
\SOUL@token=\toks33
\SOUL@syllgoal=\dimen183
\SOUL@syllwidth=\dimen184
\SOUL@charkern=\dimen185
\SOUL@hyphkern=\dimen186
\SOUL@dimen=\dimen187
\SOUL@dimeni=\dimen188
\SOUL@minus=\count290
\SOUL@comma=\count291
\SOUL@apo=\count292
\SOUL@grave=\count293
\SOUL@spaceskip=\skip63
\SOUL@ttwidth=\dimen189
\SOUL@uldp=\dimen190
\SOUL@ulht=\dimen191
) (/Users/federico/Library/TinyTeX/texmf-dist/tex/generic/infwarerr/infwarerr.sty
Package: infwarerr 2019/12/03 v1.5 Providing info/warning/error messages (HO)
) (/Users/federico/Library/TinyTeX/texmf-dist/tex/generic/etexcmds/etexcmds.sty
Package: etexcmds 2019/12/15 v1.7 Avoid name clashes with e-TeX commands (HO)
))
\cslhangindent=\skip64
\csllabelwidth=\skip65
\cslentryspacingunit=\skip66
(/Users/federico/Library/TinyTeX/texmf-dist/tex/latex/caption/caption.sty
Package: caption 2023/08/05 v3.6o Customizing captions (AR)
(/Users/federico/Library/TinyTeX/texmf-dist/tex/latex/caption/caption3.sty
Package: caption3 2023/07/31 v2.4d caption3 kernel (AR)
\caption@tempdima=\dimen192
\captionmargin=\dimen193
\caption@leftmargin=\dimen194
\caption@rightmargin=\dimen195
\caption@width=\dimen196
\caption@indent=\dimen197
\caption@parindent=\dimen198
\caption@hangindent=\dimen199
Package caption Info: Standard document class detected.
)
\c@caption@flags=\count294
\c@continuedfloat=\count295
Package caption Info: longtable package is loaded.
(/Users/federico/Library/TinyTeX/texmf-dist/tex/latex/caption/ltcaption.sty
Package: ltcaption 2021/01/08 v1.4c longtable captions (AR)
)) (/Users/federico/Library/TinyTeX/texmf-dist/tex/latex/ragged2e/ragged2e.sty
Package: ragged2e 2023/06/22 v3.6 ragged2e Package
\CenteringLeftskip=\skip67
\RaggedLeftLeftskip=\skip68
\RaggedRightLeftskip=\skip69
\CenteringRightskip=\skip70
\RaggedLeftRightskip=\skip71
\RaggedRightRightskip=\skip72
\CenteringParfillskip=\skip73
\RaggedLeftParfillskip=\skip74
\RaggedRightParfillskip=\skip75
\JustifyingParfillskip=\skip76
\CenteringParindent=\skip77
\RaggedLeftParindent=\skip78
\RaggedRightParindent=\skip79
\JustifyingParindent=\skip80
) (/Users/federico/Library/TinyTeX/texmf-dist/tex/latex/fancyhdr/fancyhdr.sty
Package: fancyhdr 2022/11/09 v4.1 Extensive control of page headers and footers
\f@nch@headwidth=\skip81
\f@nch@O@elh=\skip82
\f@nch@O@erh=\skip83
\f@nch@O@olh=\skip84
\f@nch@O@orh=\skip85
\f@nch@O@elf=\skip86
\f@nch@O@erf=\skip87
\f@nch@O@olf=\skip88
\f@nch@O@orf=\skip89
)

Package fancyhdr Warning: \fancyfoot's `E' option without twoside option is useless.
(fancyhdr)                Please consider using the `twoside' option on input line 143.


Package fancyhdr Warning: \fancyfoot's `E' option without twoside option is useless.
(fancyhdr)                Please consider using the `twoside' option on input line 144.

(/Users/federico/Library/TinyTeX/texmf-dist/tex/latex/float/float.sty
Package: float 2001/11/08 v1.3d Float enhancements (AL)
\c@float@type=\count296
\float@exts=\toks34
\float@box=\box62
\@float@everytoks=\toks35
\@floatcapt=\box63
) (/Users/federico/Library/TinyTeX/texmf-dist/tex/latex/hyperref/hyperref.sty
Package: hyperref 2023-07-08 v7.01b Hypertext links for LaTeX
(/Users/federico/Library/TinyTeX/texmf-dist/tex/generic/ltxcmds/ltxcmds.sty
Package: ltxcmds 2020-05-10 v1.25 LaTeX kernel commands for general use (HO)
) (/Users/federico/Library/TinyTeX/texmf-dist/tex/generic/pdftexcmds/pdftexcmds.sty
Package: pdftexcmds 2020-06-27 v0.33 Utility functions of pdfTeX for LuaTeX (HO)
Package pdftexcmds Info: \pdf@primitive is available.
Package pdftexcmds Info: \pdf@ifprimitive is available.
Package pdftexcmds Info: \pdfdraftmode found.
) (/Users/federico/Library/TinyTeX/texmf-dist/tex/latex/kvsetkeys/kvsetkeys.sty
Package: kvsetkeys 2022-10-05 v1.19 Key value parser (HO)
) (/Users/federico/Library/TinyTeX/texmf-dist/tex/generic/kvdefinekeys/kvdefinekeys.sty
Package: kvdefinekeys 2019-12-19 v1.6 Define keys (HO)
) (/Users/federico/Library/TinyTeX/texmf-dist/tex/generic/pdfescape/pdfescape.sty
Package: pdfescape 2019/12/09 v1.15 Implements pdfTeX's escape features (HO)
) (/Users/federico/Library/TinyTeX/texmf-dist/tex/latex/hycolor/hycolor.sty
Package: hycolor 2020-01-27 v1.10 Color options for hyperref/bookmark (HO)
) (/Users/federico/Library/TinyTeX/texmf-dist/tex/latex/letltxmacro/letltxmacro.sty
Package: letltxmacro 2019/12/03 v1.6 Let assignment for LaTeX macros (HO)
) (/Users/federico/Library/TinyTeX/texmf-dist/tex/latex/auxhook/auxhook.sty
Package: auxhook 2019-12-17 v1.6 Hooks for auxiliary files (HO)
) (/Users/federico/Library/TinyTeX/texmf-dist/tex/latex/hyperref/nameref.sty
Package: nameref 2023-08-07 v2.53 Cross-referencing by name of section
(/Users/federico/Library/TinyTeX/texmf-dist/tex/latex/refcount/refcount.sty
Package: refcount 2019/12/15 v3.6 Data extraction from label references (HO)
) (/Users/federico/Library/TinyTeX/texmf-dist/tex/generic/gettitlestring/gettitlestring.sty
Package: gettitlestring 2019/12/15 v1.6 Cleanup title references (HO)
(/Users/federico/Library/TinyTeX/texmf-dist/tex/latex/kvoptions/kvoptions.sty
Package: kvoptions 2022-06-15 v3.15 Key value format for package options (HO)
))
\c@section@level=\count297
)
\@linkdim=\dimen256
\Hy@linkcounter=\count298
\Hy@pagecounter=\count299
(/Users/federico/Library/TinyTeX/texmf-dist/tex/latex/hyperref/pd1enc.def
File: pd1enc.def 2023-07-08 v7.01b Hyperref: PDFDocEncoding definition (HO)
Now handling font encoding PD1 ...
... no UTF-8 mapping file for font encoding PD1
) (/Users/federico/Library/TinyTeX/texmf-dist/tex/generic/intcalc/intcalc.sty
Package: intcalc 2019/12/15 v1.3 Expandable calculations with integers (HO)
)
\Hy@SavedSpaceFactor=\count300
(/Users/federico/Library/TinyTeX/texmf-dist/tex/latex/hyperref/puenc.def
File: puenc.def 2023-07-08 v7.01b Hyperref: PDF Unicode definition (HO)
Now handling font encoding PU ...
... no UTF-8 mapping file for font encoding PU
)
Package hyperref Info: Option `unicode' set `true' on input line 4050.
Package hyperref Info: Hyper figures OFF on input line 4167.
Package hyperref Info: Link nesting OFF on input line 4172.
Package hyperref Info: Hyper index ON on input line 4175.
Package hyperref Info: Plain pages OFF on input line 4182.
Package hyperref Info: Backreferencing OFF on input line 4187.
Package hyperref Info: Implicit mode ON; LaTeX internals redefined.
Package hyperref Info: Bookmarks ON on input line 4434.
\c@Hy@tempcnt=\count301
(/Users/federico/Library/TinyTeX/texmf-dist/tex/latex/url/url.sty
\Urlmuskip=\muskip17
Package: url 2013/09/16  ver 3.4  Verb mode for urls, etc.
)
LaTeX Info: Redefining \url on input line 4772.
\XeTeXLinkMargin=\dimen257
(/Users/federico/Library/TinyTeX/texmf-dist/tex/generic/bitset/bitset.sty
Package: bitset 2019/12/09 v1.3 Handle bit-vector datatype (HO)
(/Users/federico/Library/TinyTeX/texmf-dist/tex/generic/bigintcalc/bigintcalc.sty
Package: bigintcalc 2019/12/15 v1.5 Expandable calculations on big integers (HO)
))
\Fld@menulength=\count302
\Field@Width=\dimen258
\Fld@charsize=\dimen259
Package hyperref Info: Hyper figures OFF on input line 6051.
Package hyperref Info: Link nesting OFF on input line 6056.
Package hyperref Info: Hyper index ON on input line 6059.
Package hyperref Info: backreferencing OFF on input line 6066.
Package hyperref Info: Link coloring OFF on input line 6071.
Package hyperref Info: Link coloring with OCG OFF on input line 6076.
Package hyperref Info: PDF/A mode OFF on input line 6081.
(/Users/federico/Library/TinyTeX/texmf-dist/tex/latex/base/atbegshi-ltx.sty
Package: atbegshi-ltx 2021/01/10 v1.0c Emulation of the original atbegshi
package with kernel methods
)
\Hy@abspage=\count303
\c@Item=\count304
\c@Hfootnote=\count305
)
Package hyperref Info: Driver (autodetected): hpdftex.
(/Users/federico/Library/TinyTeX/texmf-dist/tex/latex/hyperref/hpdftex.def
File: hpdftex.def 2023-07-08 v7.01b Hyperref driver for pdfTeX
(/Users/federico/Library/TinyTeX/texmf-dist/tex/latex/base/atveryend-ltx.sty
Package: atveryend-ltx 2020/08/19 v1.0a Emulation of the original atveryend package
with kernel methods
)
\Fld@listcount=\count306
\c@bookmark@seq@number=\count307
(/Users/federico/Library/TinyTeX/texmf-dist/tex/latex/rerunfilecheck/rerunfilecheck.sty
Package: rerunfilecheck 2022-07-10 v1.10 Rerun checks for auxiliary files (HO)
(/Users/federico/Library/TinyTeX/texmf-dist/tex/generic/uniquecounter/uniquecounter.sty
Package: uniquecounter 2019/12/15 v1.4 Provide unlimited unique counter (HO)
)
Package uniquecounter Info: New unique counter `rerunfilecheck' on input line 285.
)
\Hy@SectionHShift=\skip90
)
Package hyperref Info: Option `colorlinks' set `true' on input line 160.
LaTeX Font Info:    Trying to load font information for T1+lmr on input line 166.
(/Users/federico/Library/TinyTeX/texmf-dist/tex/latex/lm/t1lmr.fd
File: t1lmr.fd 2015/05/01 v1.6.1 Font defs for Latin Modern
) (/Users/federico/Library/TinyTeX/texmf-dist/tex/latex/l3backend/l3backend-pdftex.def
File: l3backend-pdftex.def 2023-10-10 L3 backend support: PDF output (pdfTeX)
\l__color_backend_stack_int=\count308
\l__pdf_internal_box=\box64
) (./_main.aux)
\openout1 = `_main.aux'.

LaTeX Font Info:    Checking defaults for OML/cmm/m/it on input line 166.
LaTeX Font Info:    ... okay on input line 166.
LaTeX Font Info:    Checking defaults for OMS/cmsy/m/n on input line 166.
LaTeX Font Info:    ... okay on input line 166.
LaTeX Font Info:    Checking defaults for OT1/cmr/m/n on input line 166.
LaTeX Font Info:    ... okay on input line 166.
LaTeX Font Info:    Checking defaults for T1/cmr/m/n on input line 166.
LaTeX Font Info:    ... okay on input line 166.
LaTeX Font Info:    Checking defaults for TS1/cmr/m/n on input line 166.
LaTeX Font Info:    ... okay on input line 166.
LaTeX Font Info:    Checking defaults for OMX/cmex/m/n on input line 166.
LaTeX Font Info:    ... okay on input line 166.
LaTeX Font Info:    Checking defaults for U/cmr/m/n on input line 166.
LaTeX Font Info:    ... okay on input line 166.
LaTeX Font Info:    Checking defaults for PD1/pdf/m/n on input line 166.
LaTeX Font Info:    ... okay on input line 166.
LaTeX Font Info:    Checking defaults for PU/pdf/m/n on input line 166.
LaTeX Font Info:    ... okay on input line 166.
(/Users/federico/Library/TinyTeX/texmf-dist/tex/latex/epstopdf-pkg/epstopdf-base.sty
Package: epstopdf-base 2020-01-24 v2.11 Base part for package epstopdf
Package epstopdf-base Info: Redefining graphics rule for `.eps' on input line 485.
(/Users/federico/Library/TinyTeX/texmf-dist/tex/latex/latexconfig/epstopdf-sys.cfg
File: epstopdf-sys.cfg 2010/07/13 v1.3 Configuration of (r)epstopdf for TeX Live
))
*geometry* driver: auto-detecting
*geometry* detected driver: pdftex
*geometry* verbose mode - [ preamble ] result:
* driver: pdftex
* paper: <default>
* layout: <same size as paper>
* layoutoffset:(h,v)=(0.0pt,0.0pt)
* modes: 
* h-part:(L,W,R)=(72.26999pt, 469.75502pt, 72.26999pt)
* v-part:(T,H,B)=(72.26999pt, 650.43001pt, 72.26999pt)
* \paperwidth=614.295pt
* \paperheight=794.96999pt
* \textwidth=469.75502pt
* \textheight=650.43001pt
* \oddsidemargin=0.0pt
* \evensidemargin=0.0pt
* \topmargin=-37.0pt
* \headheight=12.0pt
* \headsep=25.0pt
* \topskip=10.0pt
* \footskip=30.0pt
* \marginparwidth=65.0pt
* \marginparsep=11.0pt
* \columnsep=10.0pt
* \skip\footins=9.0pt plus 4.0pt minus 2.0pt
* \hoffset=0.0pt
* \voffset=0.0pt
* \mag=1000
* \@twocolumnfalse
* \@twosidefalse
* \@mparswitchfalse
* \@reversemarginfalse
* (1in=72.27pt=25.4mm, 1cm=28.453pt)

Package caption Info: Begin \AtBeginDocument code.
Package caption Info: float package is loaded.
Package caption Info: hyperref package is loaded.
Package caption Info: End \AtBeginDocument code.
Package hyperref Info: Link coloring ON on input line 166.
(./_main.out) (./_main.out)
\@outlinefile=\write4
\openout4 = `_main.out'.

LaTeX Font Info:    Trying to load font information for OT1+lmr on input line 168.
(/Users/federico/Library/TinyTeX/texmf-dist/tex/latex/lm/ot1lmr.fd
File: ot1lmr.fd 2015/05/01 v1.6.1 Font defs for Latin Modern
)
LaTeX Font Info:    Trying to load font information for OML+lmm on input line 168.
(/Users/federico/Library/TinyTeX/texmf-dist/tex/latex/lm/omllmm.fd
File: omllmm.fd 2015/05/01 v1.6.1 Font defs for Latin Modern
)
LaTeX Font Info:    Trying to load font information for OMS+lmsy on input line 168.
(/Users/federico/Library/TinyTeX/texmf-dist/tex/latex/lm/omslmsy.fd
File: omslmsy.fd 2015/05/01 v1.6.1 Font defs for Latin Modern
)
LaTeX Font Info:    Trying to load font information for OMX+lmex on input line 168.
(/Users/federico/Library/TinyTeX/texmf-dist/tex/latex/lm/omxlmex.fd
File: omxlmex.fd 2015/05/01 v1.6.1 Font defs for Latin Modern
)
LaTeX Font Info:    External font `lmex10' loaded for size
(Font)              <12> on input line 168.
LaTeX Font Info:    External font `lmex10' loaded for size
(Font)              <8> on input line 168.
LaTeX Font Info:    External font `lmex10' loaded for size
(Font)              <6> on input line 168.
LaTeX Font Info:    Trying to load font information for U+msa on input line 168.
(/Users/federico/Library/TinyTeX/texmf-dist/tex/latex/amsfonts/umsa.fd
File: umsa.fd 2013/01/14 v3.01 AMS symbols A
)
LaTeX Font Info:    Trying to load font information for U+msb on input line 168.
(/Users/federico/Library/TinyTeX/texmf-dist/tex/latex/amsfonts/umsb.fd
File: umsb.fd 2013/01/14 v3.01 AMS symbols B
) [1

{/Users/federico/Library/TinyTeX/texmf-var/fonts/map/pdftex/updmap/pdftex.map}{/Users/federico/Library/TinyTeX/texmf-dist/fonts/enc/dvips/lm/lm-ec.enc}] (./_main.toc
LaTeX Font Info:    External font `lmex10' loaded for size
(Font)              <10> on input line 4.
LaTeX Font Info:    External font `lmex10' loaded for size
(Font)              <7> on input line 4.
LaTeX Font Info:    External font `lmex10' loaded for size
(Font)              <5> on input line 4.
[2])
\tf@toc=\write5
\openout5 = `_main.toc'.

[3] [4]
<images/8psue2xkvn811.jpg, id=352, 1981.4025pt x 1144.275pt>
File: images/8psue2xkvn811.jpg Graphic file (type jpg)
<use images/8psue2xkvn811.jpg>
Package pdftex.def Info: images/8psue2xkvn811.jpg  used on input line 246.
(pdftex.def)             Requested size: 375.80525pt x 217.03038pt.
[5] [6 <./images/8psue2xkvn811.jpg>]
Underfull \hbox (badness 10000) in paragraph at lines 333--334

 []

<images/cran.png, id=372, 1919.17pt x 961.5925pt>
File: images/cran.png Graphic file (type png)
<use images/cran.png>
Package pdftex.def Info: images/cran.png  used on input line 338.
(pdftex.def)             Requested size: 375.80334pt x 188.29477pt.

Underfull \hbox (badness 10000) in paragraph at lines 351--352

 []

[7 <./images/cran.png>]
<images/rstudio.png, id=388, 1291.82625pt x 964.60374pt>
File: images/rstudio.png Graphic file (type png)
<use images/rstudio.png>
Package pdftex.def Info: images/rstudio.png  used on input line 356.
(pdftex.def)             Requested size: 375.80272pt x 280.61104pt.

Underfull \hbox (badness 10000) in paragraph at lines 369--370

 []

<images/rstudio2.png, id=389, 1927.2pt x 1084.05pt>
File: images/rstudio2.png Graphic file (type png)
<use images/rstudio2.png>
Package pdftex.def Info: images/rstudio2.png  used on input line 374.
(pdftex.def)             Requested size: 375.7878pt x 211.38063pt.
[8 <./images/rstudio.png>]
Underfull \hbox (badness 10000) in paragraph at lines 387--388

 []

<images/pkg1.png, id=400, 1927.2pt x 1084.05pt>
File: images/pkg1.png Graphic file (type png)
<use images/pkg1.png>
Package pdftex.def Info: images/pkg1.png  used on input line 390.
(pdftex.def)             Requested size: 375.7878pt x 211.38063pt.

Underfull \hbox (badness 10000) in paragraph at lines 397--398

 []

<images/pkg2.png, id=401, 1927.2pt x 1084.05pt>
File: images/pkg2.png Graphic file (type png)
<use images/pkg2.png>
Package pdftex.def Info: images/pkg2.png  used on input line 400.
(pdftex.def)             Requested size: 375.7878pt x 211.38063pt.
[9{/Users/federico/Library/TinyTeX/texmf-dist/fonts/enc/dvips/lm/lm-rm.enc} <./images/rstudio2.png> <./images/pkg1.png>]
Underfull \hbox (badness 10000) in paragraph at lines 407--408

 []

<images/pkg3.png, id=413, 1927.2pt x 1084.05pt>
File: images/pkg3.png Graphic file (type png)
<use images/pkg3.png>
Package pdftex.def Info: images/pkg3.png  used on input line 410.
(pdftex.def)             Requested size: 375.7878pt x 211.38063pt.
LaTeX Font Info:    Trying to load font information for TS1+lmr on input line 428.
(/Users/federico/Library/TinyTeX/texmf-dist/tex/latex/lm/ts1lmr.fd
File: ts1lmr.fd 2015/05/01 v1.6.1 Font defs for Latin Modern
)
Underfull \hbox (badness 10000) in paragraph at lines 433--435

 []

[10{/Users/federico/Library/TinyTeX/texmf-dist/fonts/enc/dvips/lm/lm-ts1.enc} <./images/pkg2.png> <./images/pkg3.png>]
<images/workspace.png, id=423, 1927.2pt x 1084.05pt>
File: images/workspace.png Graphic file (type png)
<use images/workspace.png>
Package pdftex.def Info: images/workspace.png  used on input line 460.
(pdftex.def)             Requested size: 375.7878pt x 211.38063pt.
[11 <./images/workspace.png>]
LaTeX Font Info:    Trying to load font information for T1+lmtt on input line 504.
(/Users/federico/Library/TinyTeX/texmf-dist/tex/latex/lm/t1lmtt.fd
File: t1lmtt.fd 2015/05/01 v1.6.1 Font defs for Latin Modern
)
LaTeX Font Info:    Font shape `T1/lmtt/bx/n' in size <10> not available
(Font)              Font shape `T1/lmtt/b/n' tried instead on input line 505.
[12] [13{/Users/federico/Library/TinyTeX/texmf-dist/fonts/enc/dvips/lm/lm-mathit.enc}] [14] [15{/Users/federico/Library/TinyTeX/texmf-dist/fonts/enc/dvips/lm/lm-mathsy.enc}] [16] [17] [18] [19]
Overfull \hbox (67.28142pt too wide) in paragraph at lines 1066--1074
\T1/lmr/m/n/10 Working with ex-ter-nal code or data, I of-ten see vari-able names or ob-ject names such as $\OML/lmm/m/it/10 X; y; xs; x\OT1/lmr/m/n/10 1\OML/lmm/m/it/10 ; x\OT1/lmr/m/n/10 2\OML/lmm/m/it/10 ; tp; tn; clf; reg; xi; yi; ii$\T1/lmr/m/n/10 .
 []

[20]
LaTeX Font Info:    Trying to load font information for TS1+lmtt on input line 1138.
(/Users/federico/Library/TinyTeX/texmf-dist/tex/latex/lm/ts1lmtt.fd
File: ts1lmtt.fd 2015/05/01 v1.6.1 Font defs for Latin Modern
) [21] [22] [23] [24]

LaTeX Font Warning: Font shape `T1/lmtt/bx/it' in size <10> not available
(Font)              Font shape `T1/lmtt/b/sl' tried instead on input line 1382.

[25] [26] [27]
<_main_files/figure-latex/unnamed-chunk-33-1.pdf, id=582, 433.62pt x 216.81pt>
File: _main_files/figure-latex/unnamed-chunk-33-1.pdf Graphic file (type pdf)
<use _main_files/figure-latex/unnamed-chunk-33-1.pdf>
Package pdftex.def Info: _main_files/figure-latex/unnamed-chunk-33-1.pdf  used on input line 1642.
(pdftex.def)             Requested size: 234.87912pt x 117.43956pt.
<_main_files/figure-latex/unnamed-chunk-33-2.pdf, id=583, 433.62pt x 216.81pt>
File: _main_files/figure-latex/unnamed-chunk-33-2.pdf Graphic file (type pdf)
<use _main_files/figure-latex/unnamed-chunk-33-2.pdf>
Package pdftex.def Info: _main_files/figure-latex/unnamed-chunk-33-2.pdf  used on input line 1642.
(pdftex.def)             Requested size: 234.87912pt x 117.43956pt.
<_main_files/figure-latex/unnamed-chunk-33-3.pdf, id=584, 433.62pt x 216.81pt>
File: _main_files/figure-latex/unnamed-chunk-33-3.pdf Graphic file (type pdf)
<use _main_files/figure-latex/unnamed-chunk-33-3.pdf>
Package pdftex.def Info: _main_files/figure-latex/unnamed-chunk-33-3.pdf  used on input line 1642.
(pdftex.def)             Requested size: 234.87912pt x 117.43956pt.

Overfull \hbox (2.22543pt too wide) in paragraph at lines 1642--1642
[][] []
 []

[28]
<_main_files/figure-latex/unnamed-chunk-34-1.pdf, id=595, 433.62pt x 216.81pt>
File: _main_files/figure-latex/unnamed-chunk-34-1.pdf Graphic file (type pdf)
<use _main_files/figure-latex/unnamed-chunk-34-1.pdf>
Package pdftex.def Info: _main_files/figure-latex/unnamed-chunk-34-1.pdf  used on input line 1671.
(pdftex.def)             Requested size: 375.8238pt x 187.9119pt.
[29 <./_main_files/figure-latex/unnamed-chunk-33-1.pdf> <./_main_files/figure-latex/unnamed-chunk-33-2.pdf> <./_main_files/figure-latex/unnamed-chunk-33-3.pdf>]
<_main_files/figure-latex/unnamed-chunk-35-1.pdf, id=627, 433.62pt x 216.81pt>
File: _main_files/figure-latex/unnamed-chunk-35-1.pdf Graphic file (type pdf)
<use _main_files/figure-latex/unnamed-chunk-35-1.pdf>
Package pdftex.def Info: _main_files/figure-latex/unnamed-chunk-35-1.pdf  used on input line 1703.
(pdftex.def)             Requested size: 234.87912pt x 117.43956pt.
<_main_files/figure-latex/unnamed-chunk-35-2.pdf, id=628, 433.62pt x 216.81pt>
File: _main_files/figure-latex/unnamed-chunk-35-2.pdf Graphic file (type pdf)
<use _main_files/figure-latex/unnamed-chunk-35-2.pdf>
Package pdftex.def Info: _main_files/figure-latex/unnamed-chunk-35-2.pdf  used on input line 1703.
(pdftex.def)             Requested size: 234.87912pt x 117.43956pt.

Overfull \hbox (2.22543pt too wide) in paragraph at lines 1703--1703
[][] [] 
 []

[30 <./_main_files/figure-latex/unnamed-chunk-34-1.pdf> <./_main_files/figure-latex/unnamed-chunk-35-1.pdf> <./_main_files/figure-latex/unnamed-chunk-35-2.pdf>] [31] [32]
<images/Schermata 2022-03-28 alle 10.36.15.png, id=666, 669.50125pt x 432.61626pt>
File: images/Schermata 2022-03-28 alle 10.36.15.png Graphic file (type png)
<use images/Schermata 2022-03-28 alle 10.36.15.png>
Package pdftex.def Info: images/Schermata 2022-03-28 alle 10.36.15.png  used on input line 1794.
(pdftex.def)             Requested size: 375.81712pt x 242.84436pt.
[33 <./images/Schermata 2022-03-28 alle 10.36.15.png>] [34{/Users/federico/Library/TinyTeX/texmf-dist/fonts/enc/dvips/lm/lm-mathex.enc}] [35]
<_main_files/figure-latex/unnamed-chunk-39-1.pdf, id=704, 433.62pt x 216.81pt>
File: _main_files/figure-latex/unnamed-chunk-39-1.pdf Graphic file (type pdf)
<use _main_files/figure-latex/unnamed-chunk-39-1.pdf>
Package pdftex.def Info: _main_files/figure-latex/unnamed-chunk-39-1.pdf  used on input line 1986.
(pdftex.def)             Requested size: 234.87912pt x 117.43956pt.
<_main_files/figure-latex/unnamed-chunk-39-2.pdf, id=705, 433.62pt x 216.81pt>
File: _main_files/figure-latex/unnamed-chunk-39-2.pdf Graphic file (type pdf)
<use _main_files/figure-latex/unnamed-chunk-39-2.pdf>
Package pdftex.def Info: _main_files/figure-latex/unnamed-chunk-39-2.pdf  used on input line 1986.
(pdftex.def)             Requested size: 234.87912pt x 117.43956pt.

Overfull \hbox (2.22543pt too wide) in paragraph at lines 1986--1986
[][] [] 
 []

[36 <./_main_files/figure-latex/unnamed-chunk-39-1.pdf> <./_main_files/figure-latex/unnamed-chunk-39-2.pdf>] [37]
<images/gini.png, id=745, 307.1475pt x 308.15125pt>
File: images/gini.png Graphic file (type png)
<use images/gini.png>
Package pdftex.def Info: images/gini.png  used on input line 2157.
(pdftex.def)             Requested size: 234.87802pt x 235.64558pt.
[38] [39 <./images/gini.png>] [40]
<_main_files/figure-latex/fig1-1.pdf, id=773, 433.62pt x 216.81pt>
File: _main_files/figure-latex/fig1-1.pdf Graphic file (type pdf)
<use _main_files/figure-latex/fig1-1.pdf>
Package pdftex.def Info: _main_files/figure-latex/fig1-1.pdf  used on input line 2292.
(pdftex.def)             Requested size: 234.87912pt x 117.43956pt.
<_main_files/figure-latex/fig1-2.pdf, id=774, 433.62pt x 216.81pt>
File: _main_files/figure-latex/fig1-2.pdf Graphic file (type pdf)
<use _main_files/figure-latex/fig1-2.pdf>
Package pdftex.def Info: _main_files/figure-latex/fig1-2.pdf  used on input line 2292.
(pdftex.def)             Requested size: 234.87912pt x 117.43956pt.
<_main_files/figure-latex/fig1-3.pdf, id=775, 433.62pt x 216.81pt>
File: _main_files/figure-latex/fig1-3.pdf Graphic file (type pdf)
<use _main_files/figure-latex/fig1-3.pdf>
Package pdftex.def Info: _main_files/figure-latex/fig1-3.pdf  used on input line 2292.
(pdftex.def)             Requested size: 234.87912pt x 117.43956pt.
<_main_files/figure-latex/fig1-4.pdf, id=776, 433.62pt x 216.81pt>
File: _main_files/figure-latex/fig1-4.pdf Graphic file (type pdf)
<use _main_files/figure-latex/fig1-4.pdf>
Package pdftex.def Info: _main_files/figure-latex/fig1-4.pdf  used on input line 2292.
(pdftex.def)             Requested size: 234.87912pt x 117.43956pt.

Overfull \hbox (2.22543pt too wide) in paragraph at lines 2292--2292
[][] []
 []


Overfull \hbox (2.22543pt too wide) in paragraph at lines 2292--2292
[] [] 
 []

[41 <./_main_files/figure-latex/fig1-1.pdf> <./_main_files/figure-latex/fig1-2.pdf> <./_main_files/figure-latex/fig1-3.pdf> <./_main_files/figure-latex/fig1-4.pdf>] [42] [43] [44] [45] [46] [47] [48]
<_main_files/figure-latex/unnamed-chunk-55-1.pdf, id=866, 433.62pt x 216.81pt>
File: _main_files/figure-latex/unnamed-chunk-55-1.pdf Graphic file (type pdf)
<use _main_files/figure-latex/unnamed-chunk-55-1.pdf>
Package pdftex.def Info: _main_files/figure-latex/unnamed-chunk-55-1.pdf  used on input line 2858.
(pdftex.def)             Requested size: 234.87912pt x 117.43956pt.
<_main_files/figure-latex/unnamed-chunk-55-2.pdf, id=867, 433.62pt x 216.81pt>
File: _main_files/figure-latex/unnamed-chunk-55-2.pdf Graphic file (type pdf)
<use _main_files/figure-latex/unnamed-chunk-55-2.pdf>
Package pdftex.def Info: _main_files/figure-latex/unnamed-chunk-55-2.pdf  used on input line 2858.
(pdftex.def)             Requested size: 234.87912pt x 117.43956pt.

Overfull \hbox (2.22543pt too wide) in paragraph at lines 2858--2858
[][] [] 
 []

[49 <./_main_files/figure-latex/unnamed-chunk-55-1.pdf> <./_main_files/figure-latex/unnamed-chunk-55-2.pdf>]
<images/Senza titolo.png, id=894, 656.4525pt x 277.035pt>
File: images/Senza titolo.png Graphic file (type png)
<use images/Senza titolo.png>
Package pdftex.def Info: images/Senza titolo.png  used on input line 2919.
(pdftex.def)             Requested size: 375.8045pt x 158.59639pt.
[50 <./images/Senza titolo.png>]
<_main_files/figure-latex/unnamed-chunk-57-1.pdf, id=904, 433.62pt x 216.81pt>
File: _main_files/figure-latex/unnamed-chunk-57-1.pdf Graphic file (type pdf)
<use _main_files/figure-latex/unnamed-chunk-57-1.pdf>
Package pdftex.def Info: _main_files/figure-latex/unnamed-chunk-57-1.pdf  used on input line 2941.
(pdftex.def)             Requested size: 234.87912pt x 117.43956pt.
[51 <./_main_files/figure-latex/unnamed-chunk-57-1.pdf>]
<_main_files/figure-latex/unnamed-chunk-60-1.pdf, id=921, 433.62pt x 216.81pt>
File: _main_files/figure-latex/unnamed-chunk-60-1.pdf Graphic file (type pdf)
<use _main_files/figure-latex/unnamed-chunk-60-1.pdf>
Package pdftex.def Info: _main_files/figure-latex/unnamed-chunk-60-1.pdf  used on input line 3035.
(pdftex.def)             Requested size: 234.87912pt x 117.43956pt.
<images/Schermata 2022-03-29 alle 16.14.37.png, id=922, 427.5975pt x 197.73875pt>
File: images/Schermata 2022-03-29 alle 16.14.37.png Graphic file (type png)
<use images/Schermata 2022-03-29 alle 16.14.37.png>
Package pdftex.def Info: images/Schermata 2022-03-29 alle 16.14.37.png  used on input line 3044.
(pdftex.def)             Requested size: 234.8727pt x 108.61484pt.
[52 <./_main_files/figure-latex/unnamed-chunk-60-1.pdf> <./images/Schermata 2022-03-29 alle 16.14.37.png>]
<_main_files/figure-latex/unnamed-chunk-64-1.pdf, id=939, 433.62pt x 216.81pt>
File: _main_files/figure-latex/unnamed-chunk-64-1.pdf Graphic file (type pdf)
<use _main_files/figure-latex/unnamed-chunk-64-1.pdf>
Package pdftex.def Info: _main_files/figure-latex/unnamed-chunk-64-1.pdf  used on input line 3115.
(pdftex.def)             Requested size: 234.87912pt x 117.43956pt.
<images/Schermata 2022-03-29 alle 16.36.10.png, id=940, 545.03625pt x 195.73125pt>
File: images/Schermata 2022-03-29 alle 16.36.10.png Graphic file (type png)
<use images/Schermata 2022-03-29 alle 16.36.10.png>
Package pdftex.def Info: images/Schermata 2022-03-29 alle 16.36.10.png  used on input line 3124.
(pdftex.def)             Requested size: 234.87665pt x 84.34796pt.
[53 <./_main_files/figure-latex/unnamed-chunk-64-1.pdf>] [54 <./images/Schermata 2022-03-29 alle 16.36.10.png>] [55] [56] [57]
<_main_files/figure-latex/unnamed-chunk-74-1.pdf, id=999, 433.62pt x 216.81pt>
File: _main_files/figure-latex/unnamed-chunk-74-1.pdf Graphic file (type pdf)
<use _main_files/figure-latex/unnamed-chunk-74-1.pdf>
Package pdftex.def Info: _main_files/figure-latex/unnamed-chunk-74-1.pdf  used on input line 3500.
(pdftex.def)             Requested size: 234.87912pt x 117.43956pt.
[58]
<images/Schermata 2022-07-07 alle 17.24.44.png, id=1011, 450.68375pt x 279.0425pt>
File: images/Schermata 2022-07-07 alle 17.24.44.png Graphic file (type png)
<use images/Schermata 2022-07-07 alle 17.24.44.png>
Package pdftex.def Info: images/Schermata 2022-07-07 alle 17.24.44.png  used on input line 3556.
(pdftex.def)             Requested size: 234.87953pt x 145.42651pt.
[59 <./_main_files/figure-latex/unnamed-chunk-74-1.pdf>] [60 <./images/Schermata 2022-07-07 alle 17.24.44.png>]
<images/Schermata 2022-07-07 alle 18.49.38.png, id=1037, 470.75874pt x 358.33875pt>
File: images/Schermata 2022-07-07 alle 18.49.38.png Graphic file (type png)
<use images/Schermata 2022-07-07 alle 18.49.38.png>
Package pdftex.def Info: images/Schermata 2022-07-07 alle 18.49.38.png  used on input line 3685.
(pdftex.def)             Requested size: 234.87596pt x 178.78618pt.
[61] [62 <./images/Schermata 2022-07-07 alle 18.49.38.png>] [63]
<_main_files/figure-latex/fig2-1.pdf, id=1063, 433.62pt x 216.81pt>
File: _main_files/figure-latex/fig2-1.pdf Graphic file (type pdf)
<use _main_files/figure-latex/fig2-1.pdf>
Package pdftex.def Info: _main_files/figure-latex/fig2-1.pdf  used on input line 3843.
(pdftex.def)             Requested size: 433.63878pt x 216.81938pt.
[64 <./_main_files/figure-latex/fig2-1.pdf>]
<_main_files/figure-latex/fig3-1.pdf, id=1076, 433.62pt x 216.81pt>
File: _main_files/figure-latex/fig3-1.pdf Graphic file (type pdf)
<use _main_files/figure-latex/fig3-1.pdf>
Package pdftex.def Info: _main_files/figure-latex/fig3-1.pdf  used on input line 3922.
(pdftex.def)             Requested size: 375.8238pt x 187.9119pt.
[65]
<_main_files/figure-latex/fig4-1.pdf, id=1084, 433.62pt x 216.81pt>
File: _main_files/figure-latex/fig4-1.pdf Graphic file (type pdf)
<use _main_files/figure-latex/fig4-1.pdf>
Package pdftex.def Info: _main_files/figure-latex/fig4-1.pdf  used on input line 3962.
(pdftex.def)             Requested size: 234.87912pt x 117.43956pt.
<_main_files/figure-latex/fig4-2.pdf, id=1085, 433.62pt x 216.81pt>
File: _main_files/figure-latex/fig4-2.pdf Graphic file (type pdf)
<use _main_files/figure-latex/fig4-2.pdf>
Package pdftex.def Info: _main_files/figure-latex/fig4-2.pdf  used on input line 3962.
(pdftex.def)             Requested size: 234.87912pt x 117.43956pt.

Overfull \hbox (2.22543pt too wide) in paragraph at lines 3962--3962
[][] [] 
 []

[66 <./_main_files/figure-latex/fig3-1.pdf> <./_main_files/figure-latex/fig4-1.pdf> <./_main_files/figure-latex/fig4-2.pdf>]
<_main_files/figure-latex/unnamed-chunk-81-1.pdf, id=1114, 433.62pt x 216.81pt>
File: _main_files/figure-latex/unnamed-chunk-81-1.pdf Graphic file (type pdf)
<use _main_files/figure-latex/unnamed-chunk-81-1.pdf>
Package pdftex.def Info: _main_files/figure-latex/unnamed-chunk-81-1.pdf  used on input line 4003.
(pdftex.def)             Requested size: 375.8238pt x 187.9119pt.
[67 <./_main_files/figure-latex/unnamed-chunk-81-1.pdf>] [68]
<_main_files/figure-latex/unnamed-chunk-84-1.pdf, id=1140, 433.62pt x 216.81pt>
File: _main_files/figure-latex/unnamed-chunk-84-1.pdf Graphic file (type pdf)
<use _main_files/figure-latex/unnamed-chunk-84-1.pdf>
Package pdftex.def Info: _main_files/figure-latex/unnamed-chunk-84-1.pdf  used on input line 4133.
(pdftex.def)             Requested size: 375.8238pt x 187.9119pt.
[69 <./_main_files/figure-latex/unnamed-chunk-84-1.pdf>]
<_main_files/figure-latex/unnamed-chunk-85-1.pdf, id=1151, 433.62pt x 216.81pt>
File: _main_files/figure-latex/unnamed-chunk-85-1.pdf Graphic file (type pdf)
<use _main_files/figure-latex/unnamed-chunk-85-1.pdf>
Package pdftex.def Info: _main_files/figure-latex/unnamed-chunk-85-1.pdf  used on input line 4180.
(pdftex.def)             Requested size: 234.87912pt x 117.43956pt.
<_main_files/figure-latex/unnamed-chunk-85-2.pdf, id=1152, 433.62pt x 216.81pt>
File: _main_files/figure-latex/unnamed-chunk-85-2.pdf Graphic file (type pdf)
<use _main_files/figure-latex/unnamed-chunk-85-2.pdf>
Package pdftex.def Info: _main_files/figure-latex/unnamed-chunk-85-2.pdf  used on input line 4180.
(pdftex.def)             Requested size: 234.87912pt x 117.43956pt.
<_main_files/figure-latex/unnamed-chunk-85-3.pdf, id=1153, 433.62pt x 216.81pt>
File: _main_files/figure-latex/unnamed-chunk-85-3.pdf Graphic file (type pdf)
<use _main_files/figure-latex/unnamed-chunk-85-3.pdf>
Package pdftex.def Info: _main_files/figure-latex/unnamed-chunk-85-3.pdf  used on input line 4180.
(pdftex.def)             Requested size: 234.87912pt x 117.43956pt.

Overfull \hbox (2.22543pt too wide) in paragraph at lines 4180--4180
[][] []
 []

<_main_files/figure-latex/unnamed-chunk-86-1.pdf, id=1154, 433.62pt x 216.81pt>
File: _main_files/figure-latex/unnamed-chunk-86-1.pdf Graphic file (type pdf)
<use _main_files/figure-latex/unnamed-chunk-86-1.pdf>
Package pdftex.def Info: _main_files/figure-latex/unnamed-chunk-86-1.pdf  used on input line 4200.
(pdftex.def)             Requested size: 433.63878pt x 216.81938pt.
<_main_files/figure-latex/unnamed-chunk-86-2.pdf, id=1155, 433.62pt x 216.81pt>
File: _main_files/figure-latex/unnamed-chunk-86-2.pdf Graphic file (type pdf)
<use _main_files/figure-latex/unnamed-chunk-86-2.pdf>
Package pdftex.def Info: _main_files/figure-latex/unnamed-chunk-86-2.pdf  used on input line 4200.
(pdftex.def)             Requested size: 433.63878pt x 216.81938pt.

Underfull \hbox (badness 10000) in paragraph at lines 4200--4200
[][]
 []

[70 <./_main_files/figure-latex/unnamed-chunk-85-1.pdf> <./_main_files/figure-latex/unnamed-chunk-85-2.pdf> <./_main_files/figure-latex/unnamed-chunk-85-3.pdf>] [71 <./_main_files/figure-latex/unnamed-chunk-86-1.pdf> <./_main_files/figure-latex/unnamed-chunk-86-2.pdf>]
<images/classification-tree_ygvats copia.jpg, id=1197, 2228.325pt x 1230.5975pt>
File: images/classification-tree_ygvats copia.jpg Graphic file (type jpg)
<use images/classification-tree_ygvats copia.jpg>
Package pdftex.def Info: images/classification-tree_ygvats copia.jpg  used on input line 4252.
(pdftex.def)             Requested size: 375.7841pt x 207.52762pt.
[72 <./images/classification-tree_ygvats copia.jpg>] [73]
<_main_files/figure-latex/unnamed-chunk-89-1.pdf, id=1213, 433.62pt x 216.81pt>
File: _main_files/figure-latex/unnamed-chunk-89-1.pdf Graphic file (type pdf)
<use _main_files/figure-latex/unnamed-chunk-89-1.pdf>
Package pdftex.def Info: _main_files/figure-latex/unnamed-chunk-89-1.pdf  used on input line 4374.
(pdftex.def)             Requested size: 234.87912pt x 117.43956pt.
<_main_files/figure-latex/unnamed-chunk-89-2.pdf, id=1214, 433.62pt x 216.81pt>
File: _main_files/figure-latex/unnamed-chunk-89-2.pdf Graphic file (type pdf)
<use _main_files/figure-latex/unnamed-chunk-89-2.pdf>
Package pdftex.def Info: _main_files/figure-latex/unnamed-chunk-89-2.pdf  used on input line 4374.
(pdftex.def)             Requested size: 234.87912pt x 117.43956pt.

Overfull \hbox (2.22543pt too wide) in paragraph at lines 4374--4374
[][] [] 
 []

<_main_files/figure-latex/unnamed-chunk-90-1.pdf, id=1215, 433.62pt x 216.81pt>
File: _main_files/figure-latex/unnamed-chunk-90-1.pdf Graphic file (type pdf)
<use _main_files/figure-latex/unnamed-chunk-90-1.pdf>
Package pdftex.def Info: _main_files/figure-latex/unnamed-chunk-90-1.pdf  used on input line 4379.
(pdftex.def)             Requested size: 375.8238pt x 187.9119pt.
[74 <./_main_files/figure-latex/unnamed-chunk-89-1.pdf> <./_main_files/figure-latex/unnamed-chunk-89-2.pdf> <./_main_files/figure-latex/unnamed-chunk-90-1.pdf>] [75] [76] [77] [78] [79]
Underfull \hbox (badness 1019) in paragraph at lines 4740--4742
[]\T1/lmr/m/n/10 Frost, Jim. n.d. ``Nor-mal Dis-tri-bu-tion in Statis-tics.'' [][]$https : / / statisticsbyjim . com / basics / normal -[]
 []


Underfull \hbox (badness 10000) in paragraph at lines 4767--4769
[][]$\T1/lmr/m/n/10 https : / / towardsdatascience . com / data -[] scientists -[] your -[] variable -[] names -[] are -[] awful -[] heres -[] how -[] to -[] ^^\x -[] them -[]
 []

[80] [81] (./_main.aux)
 ***********
LaTeX2e <2023-06-01> patch level 1
L3 programming layer <2023-10-10>
 ***********
Package rerunfilecheck Info: File `_main.out' has not changed.
(rerunfilecheck)             Checksum: 84FB657483937F1EEED56F0AA740CBEE;9395.
 ) 
Here is how much of TeX's memory you used:
 15168 strings out of 476464
 253189 string characters out of 5801127
 1943040 words of memory out of 5000000
 36282 multiletter control sequences out of 15000+600000
 633190 words of font info for 91 fonts, out of 8000000 for 9000
 14 hyphenation exceptions out of 8191
 75i,12n,79p,591b,579s stack positions out of 10000i,1000n,20000p,200000b,200000s
</Users/federico/Library/TinyTeX/texmf-dist/fonts/type1/public/lm/lmbx10.pfb></Users/federico/Library/TinyTeX/texmf-dist/fonts/type1/public/lm/lmbx12.pfb></Users/federico/Library/TinyTeX/texmf-dist/fonts/type1/public/lm/lmex10.pfb></Users/federico/Library/TinyTeX/texmf-dist/fonts/type1/public/lm/lmmi10.pfb></Users/federico/Library/TinyTeX/texmf-dist/fonts/type1/public/lm/lmmi5.pfb></Users/federico/Library/TinyTeX/texmf-dist/fonts/type1/public/lm/lmmi7.pfb></Users/federico/Library/TinyTeX/texmf-dist/fonts/type1/public/lm/lmr10.pfb></Users/federico/Library/TinyTeX/texmf-dist/fonts/type1/public/lm/lmr12.pfb></Users/federico/Library/TinyTeX/texmf-dist/fonts/type1/public/lm/lmr17.pfb></Users/federico/Library/TinyTeX/texmf-dist/fonts/type1/public/lm/lmr6.pfb></Users/federico/Library/TinyTeX/texmf-dist/fonts/type1/public/lm/lmr7.pfb></Users/federico/Library/TinyTeX/texmf-dist/fonts/type1/public/lm/lmr8.pfb></Users/federico/Library/TinyTeX/texmf-dist/fonts/type1/public/lm/lmri10.pfb></Users/federico/Library/TinyTeX/texmf-dist/fonts/type1/public/lm/lmri7.pfb></Users/federico/Library/TinyTeX/texmf-dist/fonts/type1/public/lm/lmro10.pfb></Users/federico/Library/TinyTeX/texmf-dist/fonts/type1/public/lm/lmsy10.pfb></Users/federico/Library/TinyTeX/texmf-dist/fonts/type1/public/lm/lmsy7.pfb></Users/federico/Library/TinyTeX/texmf-dist/fonts/type1/public/lm/lmtk10.pfb></Users/federico/Library/TinyTeX/texmf-dist/fonts/type1/public/lm/lmtko10.pfb></Users/federico/Library/TinyTeX/texmf-dist/fonts/type1/public/lm/lmtt10.pfb></Users/federico/Library/TinyTeX/texmf-dist/fonts/type1/public/lm/lmtti10.pfb>
Output written on _main.pdf (81 pages, 3574619 bytes).
PDF statistics:
 1561 PDF objects out of 1728 (max. 8388607)
 1321 compressed objects within 14 object streams
 349 named destinations out of 1000 (max. 500000)
 753 words of extra memory for PDF output out of 10000 (max. 10000000)

